2022-11-23T10:51:44.545Z
cwd: /Users/chrisbarrett/Documents/GitHub/wrls-prototype
package: govuk-prototype-kit@13.0.0
argv: /usr/local/bin/node /Users/chrisbarrett/.npm/_npx/ab0cb2c39bc0319f/node_modules/.bin/govuk-prototype-kit migrate
Started [Check migration is being applied to a pre v13 prototype]
Succeeded [Check migration is being applied to a pre v13 prototype]
2022-11-23T10:51:57.989Z
cwd: /Users/chrisbarrett/Documents/GitHub/wrls-prototype
package: govuk-prototype-kit@13.0.0
argv: /usr/local/bin/node /Users/chrisbarrett/Documents/GitHub/wrls-prototype/node_modules/.bin/govuk-prototype-kit migrate -- /Users/chrisbarrett/Documents/GitHub/wrls-prototype
Started [Migrate config.js to config.json]
Started [Update application SCSS file]
Started [Deleted files that are no longer needed]
Started [Deleted directories that are no longer needed]
Started [Delete /Users/chrisbarrett/Documents/GitHub/wrls-prototype/listen-on-port.js]
Started [Delete /Users/chrisbarrett/Documents/GitHub/wrls-prototype/server.js]
Started [Delete /Users/chrisbarrett/Documents/GitHub/wrls-prototype/start.js]
Started [Delete /Users/chrisbarrett/Documents/GitHub/wrls-prototype/VERSION.txt]
Started [Delete /Users/chrisbarrett/Documents/GitHub/wrls-prototype/Procfile]
Started [Remove unused directory docs]
Started [Remove unused directory lib]
Started [Remove unused directory update]
Started [Remove unused directory public]
Succeeded [Migrate config.js to config.json]
Started [Overwrite app/assets/javascripts/application.js]
Started [Overwrite app/filters.js]
Started [Overwrite app/views/layout.html]
Succeeded [Delete /Users/chrisbarrett/Documents/GitHub/wrls-prototype/listen-on-port.js]
Succeeded [Delete /Users/chrisbarrett/Documents/GitHub/wrls-prototype/start.js]
Succeeded [Delete /Users/chrisbarrett/Documents/GitHub/wrls-prototype/VERSION.txt]
Succeeded [Delete /Users/chrisbarrett/Documents/GitHub/wrls-prototype/server.js]
Succeeded [Delete /Users/chrisbarrett/Documents/GitHub/wrls-prototype/Procfile]
copying from [/Users/chrisbarrett/Documents/GitHub/wrls-prototype/node_modules/govuk-prototype-kit/prototype-starter/app/assets/javascripts/application.js] to [/Users/chrisbarrett/Documents/GitHub/wrls-prototype/app/assets/javascripts/application.js]
Failed [Overwrite app/filters.js]
copying from [/Users/chrisbarrett/Documents/GitHub/wrls-prototype/node_modules/govuk-prototype-kit/prototype-starter/app/views/layouts/main.html] to [/Users/chrisbarrett/Documents/GitHub/wrls-prototype/app/views/layout.html]
Started [Delete app/assets/images/separator-2x.png]
Started [Delete app/assets/images/separator.png]
Started [Delete app/assets/images/unbranded.ico]
Started [Delete app/assets/javascripts/auto-store-data.js]
Started [Delete app/assets/sass/unbranded-ie8.scss]
Started [Delete app/views/includes/breadcrumb_examples.html]
Started [Delete app/assets/sass/unbranded.scss]
Started [Delete app/assets/javascripts/jquery-1.11.3.js]
Started [Delete app/views/includes/cookie-banner.html]
Started [Delete app/views/layout_unbranded.html]
Started [Delete app/assets/sass/patterns/_contents-list.scss]
Started [Delete app/assets/sass/patterns/_mainstream-guide.scss]
Started [Delete app/assets/sass/patterns/_pagination.scss]
Started [Delete app/assets/sass/patterns/_related-items.scss]
Started [Delete app/assets/sass/patterns/_step-by-step-header.scss]
Started [Delete app/assets/sass/patterns/_step-by-step-related.scss]
Started [Delete app/assets/sass/patterns/_step-by-step-nav.scss]
Started [Delete app/assets/sass/patterns/_task-list.scss]
Succeeded [Deleted files that are no longer needed]
Found [// Add your routes here - above the module.exports line] in [/Users/chrisbarrett/Documents/GitHub/wrls-prototype/app/routes.js, replacing
Found [// Add extra styles here, or re-organise the Sass files in whichever way makes most sense to you] in [/Users/chrisbarrett/Documents/GitHub/wrls-prototype/app/assets/sass/application.scss, replacing
Keeping these lines from old file
Keeping these lines from old file
Succeeded [Delete app/assets/javascripts/auto-store-data.js]
Succeeded [Delete app/assets/images/separator-2x.png]
Succeeded [Delete app/assets/images/separator.png]
Succeeded [Delete app/assets/images/unbranded.ico]
Succeeded [Delete app/assets/sass/unbranded-ie8.scss]
Succeeded [Delete app/assets/javascripts/jquery-1.11.3.js]
Succeeded [Delete app/views/includes/breadcrumb_examples.html]
Succeeded [Delete app/assets/sass/unbranded.scss]
Succeeded [Delete app/views/includes/cookie-banner.html]
Succeeded [Delete app/views/layout_unbranded.html]
Succeeded [Delete app/assets/sass/patterns/_mainstream-guide.scss]
Succeeded [Delete app/assets/sass/patterns/_pagination.scss]
Succeeded [Delete app/assets/sass/patterns/_contents-list.scss]
Succeeded [Delete app/assets/sass/patterns/_step-by-step-header.scss]
Succeeded [Delete app/assets/sass/patterns/_step-by-step-related.scss]
Succeeded [Delete app/assets/sass/patterns/_related-items.scss]
Succeeded [Delete app/assets/sass/patterns/_task-list.scss]
Succeeded [Delete app/assets/sass/patterns/_step-by-step-nav.scss]
Succeeded [Update application SCSS file]
// ,// For guidance on how to create routes see:,// https://prototype-kit.service.gov.uk/docs/routes,// ,,const govukPrototypeKit = require('govuk-prototype-kit'),const router = govukPrototypeKit.requests.setupRouter(),,// Add your routes here,,,/*,// GET SPRINT NAME - useful for relative templates,router.use('/', (req, res, next) => {,  res.locals.currentURL = req.originalUrl; //current screen,  res.locals.prevURL = req.get('Referrer'); // previous screen,  req.folder = req.originalUrl.split('/')[1]; //folder, e.g. 'current',  req.subfolder = req.originalUrl.split('/')[2]; //sub-folder e.g. 'service',  res.locals.folder = req.folder; // what folder the url is,  res.locals.subfolder = req.subfolder; // what subfolder the URL is in,console.log('folder : ' + res.locals.folder + ', subfolder : ' + res.locals.subfolder  );,  console.log('previous page is: ' + res.locals.prevURL + " and current page is " + req.url + " " + res.locals.currentURL );,  next();,});,*/,,// Start folder specific routes,,// Sandbox, remember to add older sprint when adding a new folder!,router.use('/sandbox', require('./views/sandbox/_routes/_routes'));,,// current,router.use('/current', require('./views/current/routes'));,,/*,//Archive,router.use('/archive', require('./views/archive/routes'));,*/,,/*,//redirect home page,router.all(/^\/$/, (req, res) => {,, urlEnd = req.originalUrl, return res.redirect('/archive/previous-proto' + urlEnd),}),*/,,//Redirect old routes to current page,router.all(/^\/bd\/.*|^\/ar\/.*|^\/dashboard\/.*|^\/data\/.*|^\/eo\/.*|^\/ex\/.*|^\/includes\/.*|^\/kpi\/.*|^\/nps\/.*|^\/partials\/.*|^\/patterns\/.*|^\/wirs\/.*/, (req, res) => {,, req.session.data.back = req.headers.referer, urlEnd = req.originalUrl, return res.redirect('/current' + urlEnd),}),,,,,module.exports = router,
Found [module.exports = router;,module.exports = router] in [/Users/chrisbarrett/Documents/GitHub/wrls-prototype/app/routes.js, removing
Succeeded [Remove unused directory lib]
Succeeded [Remove unused directory public]
Succeeded [Overwrite app/assets/javascripts/application.js]
Succeeded [Update routes file]
Succeeded [Remove unused directory docs]
Started [Delete app/views/includes/head.html]
Started [Delete app/views/includes/scripts.html]
Succeeded [Remove unused directory update]
Succeeded [Deleted directories that are no longer needed]
Succeeded [Delete app/views/includes/scripts.html]
Succeeded [Delete app/views/includes/head.html]
Started [Remove old pattern includes from application SCSS file]
Succeeded [Remove old pattern includes from application SCSS file]
Started [Remove empty directory /app/assets/sass/patterns]
Started [Remove empty directory /app/views/includes]
Started [Remove empty directory /app/assets/images]
Skipped deleting /app/assets/images
Succeeded [Remove empty directory /app/assets/sass/patterns]
Succeeded [Remove empty directory /app/views/includes]
